<?xml version="1.0" encoding="UTF-8"?>
<!-- Generated by org.testng.reporters.JUnitReportReporter -->
<testsuite skipped="0" hostname="deepz_patil-PC" name="com.qa.tests.PostAPITest" tests="1" failures="0" timestamp="07 Jul 2019 12:18:34 GMT" time="5.712" errors="0">
  <testcase name="postAPITest" time="5.712" classname="com.qa.tests.PostAPITest"/>
</testsuite> <!-- com.qa.tests.PostAPITest -->
