<?xml version="1.0" encoding="UTF-8"?>
<!-- Generated by org.testng.reporters.JUnitReportReporter -->
<testsuite skipped="0" hostname="deepz_patil-PC" name="com.qa.tests.GetAPITest" tests="2" failures="0" timestamp="04 Jul 2019 16:42:58 GMT" time="4.886" errors="0">
  <testcase name="getAPITestWithoutHeaders" time="3.080" classname="com.qa.tests.GetAPITest"/>
  <testcase name="getAPITestWithHeaders" time="1.806" classname="com.qa.tests.GetAPITest"/>
</testsuite> <!-- com.qa.tests.GetAPITest -->
